Arguments: 
  C:\Aji\DevProgram\node\node.exe C:\Aji\DevProgram\Yarn\bin\yarn.js add connect

PATH: 
  C:\Aji\DevProgram\Ruby25-x64\bin;C:\Program Files (x86)\Common Files\Oracle\Java\javapath;C:\Aji\DevProgram\Python3.7.0\Scripts\;C:\Aji\DevProgram\Python3.7.0\;C:\WINDOWS\system32;C:\WINDOWS;C:\WINDOWS\System32\Wbem;C:\WINDOWS\System32\WindowsPowerShell\v1.0\;C:\WINDOWS\System32\OpenSSH\;C:\Aji\DevProgram\TortoiseSVN\bin;C:\Aji\DevProgram\Java\jdk1.8.0_171\bin;C:\Aji\DevProgram\Python3.7.0;C:\Aji\DevProgram\VisualSvnServer\bin;C:\Aji\DevProgram\Git\cmd;%RUBY_HOME%\bin;C:\Aji\DevProgram\Sublime Text 3\sublime_text.exe;C:\Aji\DevProgram\Vim\vim81;C:\Aji\DevProgram\TortoiseGit\bin;C:\Aji\DevProgram\node\;C:\Aji\DevProgram\Yarn\bin\;C:\Users\AJI\AppData\Local\Microsoft\WindowsApps;C:\Users\AJI\AppData\Local\GitHubDesktop\bin;C:\Users\AJI\AppData\Local\Yarn\bin;C:\Aji\DevProgram\node8.11.2\node_global;C:\Users\AJI\AppData\Local\BypassRuntm;C:\Users\AJI\AppData\Roaming\npm;C:\Users\AJI\AppData\Local\Microsoft\WindowsApps;C:\Aji\DevProgram\OpenVPN\bin

Yarn version: 
  1.19.1

Node version: 
  12.13.0

Platform: 
  win32 x64

Trace: 
  Error: EEXIST: file already exists, mkdir 'H:\GitHub\node-js\node_modules\socket.io-client\node_modules\socket.io-parser\node_modules\ms'

npm manifest: 
  {
    "name": "node-js",
    "version": "1.0.0",
    "description": "the node-js books",
    "main": "index.jd",
    "scripts": {
      "test": "echo \"Error: no test specified\" && exit 1"
    },
    "repository": {
      "type": "git",
      "url": "git+https://github.com/AjiMIde/node-js.git"
    },
    "keywords": [
      "node.js"
    ],
    "author": "Aji",
    "license": "MIT",
    "bugs": {
      "url": "https://github.com/AjiMIde/node-js/issues"
    },
    "homepage": "https://github.com/AjiMIde/node-js#readme",
    "devDependencies": {
      "colors": "^1.3.3",
      "commander": "^2.19.0",
      "node-notifier": "^5.4.0"
    },
    "dependencies": {
      "body-parser": "^1.18.3",
      "cookie-parser": "^1.4.4",
      "express": "^4.16.4",
      "moment": "^2.24.0",
      "multer": "^1.4.1",
      "socket-io": "^1.0.0",
      "socket.io": "^2.2.0",
      "ws": "^6.2.1"
    }
  }

yarn manifest: 
  No manifest

Lockfile: 
  No lockfile
